{
  "RSpec": {
    "coverage": {
      "/Users/alextideman/TuringProjects/Mod3/Week5/effortful/app/helpers/application_helper.rb": [
        1,
        1,
        1,
        1,
        1,
        null,
        1,
        null,
        null
      ],
      "/Users/alextideman/TuringProjects/Mod3/Week5/effortful/app/models/vote.rb": [
        1,
        1,
        1,
        null,
        1,
        0,
        0,
        null,
        0,
        null,
        null,
        null
      ],
      "/Users/alextideman/TuringProjects/Mod3/Week5/effortful/app/controllers/home_controller.rb": [
        1,
        null,
        1,
        null,
        null,
        null
      ],
      "/Users/alextideman/TuringProjects/Mod3/Week5/effortful/app/models/user.rb": [
        1,
        1,
        null,
        1,
        1,
        1,
        null,
        1,
        null,
        null,
        1,
        5,
        null,
        5,
        5,
        5,
        5,
        5,
        5,
        null,
        5,
        5,
        null,
        null,
        1,
        14,
        14,
        0,
        0,
        null,
        null,
        14,
        null,
        null,
        1,
        5,
        5,
        0,
        null,
        5,
        null,
        null,
        1,
        2,
        2,
        0,
        null,
        2,
        null,
        null,
        1,
        0,
        null,
        null,
        1,
        null,
        null
      ],
      "/Users/alextideman/TuringProjects/Mod3/Week5/effortful/app/models/concerns/cache_invalidator.rb": [
        1,
        1,
        null,
        1,
        2,
        2,
        2,
        null,
        2,
        18,
        null,
        null,
        null
      ],
      "/Users/alextideman/TuringProjects/Mod3/Week5/effortful/app/controllers/sessions_controller.rb": [
        1,
        null,
        1,
        null,
        null,
        1,
        5,
        5,
        5,
        5,
        5,
        null,
        null,
        null,
        1,
        1,
        1,
        null,
        null,
        1,
        null,
        1,
        5,
        null,
        null
      ],
      "/Users/alextideman/TuringProjects/Mod3/Week5/effortful/app/controllers/users_controller.rb": [
        1,
        null,
        1,
        7,
        7,
        null,
        null,
        1,
        2,
        null,
        null,
        1,
        2,
        2,
        2,
        2,
        2,
        null,
        0,
        0,
        null,
        null,
        null,
        1,
        null,
        1,
        2,
        null,
        null,
        null
      ],
      "/Users/alextideman/TuringProjects/Mod3/Week5/effortful/app/models/user_effort.rb": [
        1,
        1,
        1,
        null
      ],
      "/Users/alextideman/TuringProjects/Mod3/Week5/effortful/app/models/effort.rb": [
        1,
        1,
        null,
        1,
        1,
        1,
        1,
        null,
        1,
        null,
        1,
        8,
        null,
        null,
        1,
        2,
        null,
        null,
        1,
        null,
        4,
        8,
        null,
        null,
        1,
        0,
        null,
        null,
        1,
        6,
        null,
        null,
        1,
        0,
        null,
        null,
        1,
        0,
        0,
        null,
        null,
        null,
        1,
        4,
        0,
        null,
        4,
        null,
        null,
        null,
        1,
        0,
        0,
        null,
        null,
        null,
        1,
        0,
        0,
        null,
        null,
        null,
        1,
        0,
        0,
        0,
        0,
        0,
        null,
        null,
        null,
        null,
        1,
        2,
        2,
        null,
        0,
        null,
        null,
        null,
        1,
        0,
        0,
        null,
        null,
        null,
        1,
        0,
        null,
        null,
        1,
        0,
        0,
        null,
        0,
        null,
        null,
        null,
        null
      ],
      "/Users/alextideman/TuringProjects/Mod3/Week5/effortful/app/controllers/user/efforts_controller.rb": [
        1,
        1,
        null,
        1,
        null,
        null,
        1,
        2,
        null,
        null,
        1,
        2,
        null,
        null,
        1,
        1,
        1,
        1,
        1,
        1,
        1,
        1,
        null,
        0,
        null,
        null,
        null,
        null,
        1,
        0,
        null,
        null,
        1,
        0,
        null,
        0,
        0,
        0,
        null,
        0,
        0,
        null,
        0,
        null,
        null,
        0,
        null,
        null,
        null,
        1,
        null,
        1,
        1,
        null,
        null,
        null
      ],
      "/Users/alextideman/TuringProjects/Mod3/Week5/effortful/app/controllers/efforts_controller.rb": [
        1,
        null,
        1,
        1,
        null,
        null
      ]
    },
    "timestamp": 1443535010
  }
}
