{
  "RSpec": {
    "coverage": {
      "/Users/alextideman/TuringProjects/Mod3/Week5/effortful/app/helpers/application_helper.rb": [
        1,
        null
      ],
      "/Users/alextideman/TuringProjects/Mod3/Week5/effortful/app/jobs/generate_effort_email_job.rb": [
        1,
        1,
        null,
        1,
        0,
        null,
        null
      ],
      "/Users/alextideman/TuringProjects/Mod3/Week5/effortful/app/models/schedule.rb": [
        1,
        1,
        null,
        null,
        null,
        null,
        null,
        1,
        1,
        null,
        null,
        1,
        2,
        null,
        null,
        1,
        1,
        null,
        null,
        1,
        33,
        25,
        8,
        8,
        null,
        null,
        null,
        1,
        1,
        null,
        null,
        1,
        3,
        null,
        null,
        1,
        null,
        2,
        1,
        1,
        null,
        1,
        7,
        null,
        null,
        1,
        1,
        null,
        null,
        null,
        null,
        1,
        1,
        null,
        null,
        null,
        null,
        null
      ],
      "/Users/alextideman/TuringProjects/Mod3/Week5/effortful/app/models/vote.rb": [
        1,
        1,
        1,
        null,
        1,
        2,
        1,
        null,
        1,
        null,
        null,
        null
      ],
      "/Users/alextideman/TuringProjects/Mod3/Week5/effortful/app/controllers/home_controller.rb": [
        1,
        null,
        1,
        null,
        null,
        null
      ],
      "/Users/alextideman/TuringProjects/Mod3/Week5/effortful/app/models/user.rb": [
        1,
        null,
        1,
        1,
        1,
        null,
        1,
        null,
        null,
        1,
        9,
        null,
        9,
        9,
        9,
        9,
        9,
        9,
        null,
        9,
        9,
        null,
        null,
        1,
        18,
        18,
        0,
        0,
        null,
        null,
        18,
        null,
        null,
        1,
        9,
        9,
        0,
        null,
        9,
        null,
        null,
        1,
        0,
        0,
        0,
        null,
        0,
        null,
        null,
        1,
        9,
        null,
        null,
        null,
        null
      ],
      "/Users/alextideman/TuringProjects/Mod3/Week5/effortful/app/controllers/sessions_controller.rb": [
        1,
        null,
        1,
        null,
        null,
        1,
        9,
        9,
        9,
        9,
        9,
        null,
        null,
        null,
        1,
        0,
        0,
        null,
        null,
        1,
        null,
        1,
        9,
        null,
        null
      ],
      "/Users/alextideman/TuringProjects/Mod3/Week5/effortful/app/controllers/users_controller.rb": [
        1,
        null,
        1,
        9,
        9,
        9,
        null,
        null,
        1,
        0,
        null,
        null,
        1,
        0,
        0,
        0,
        0,
        0,
        null,
        0,
        0,
        null,
        null,
        null,
        1,
        null,
        1,
        0,
        null,
        null,
        null
      ],
      "/Users/alextideman/TuringProjects/Mod3/Week5/effortful/app/models/user_effort.rb": [
        1,
        1,
        1,
        null
      ],
      "/Users/alextideman/TuringProjects/Mod3/Week5/effortful/app/models/effort.rb": [
        1,
        null,
        null,
        1,
        1,
        1,
        1,
        null,
        1,
        null,
        1,
        0,
        null,
        null,
        1,
        0,
        null,
        null,
        1,
        null,
        21,
        3,
        null,
        null,
        null
      ]
    },
    "timestamp": 1443629973
  }
}
